<?xml version="1.0" encoding="UTF-8"?>
<!-- Generated by org.testng.reporters.JUnitXMLReporter -->
<testsuite ignored="0" hostname="JagadeeshK" failures="0" tests="6" name="Default test" time="20.105" errors="0" timestamp="2021-10-11T04:50:24 IST">
  <testcase classname="com.TestNGProjecct.TestCase1" name="Url" time="4.886"/>
  <testcase classname="com.TestNGProjecct.TestCase1" name="Sign_In" time="1.676"/>
  <testcase classname="com.TestNGProjecct.TestCase1" name="searchRoom" time="1.826"/>
  <testcase classname="com.TestNGProjecct.TestCase1" name="hotel" time="1.049"/>
  <testcase classname="com.TestNGProjecct.TestCase1" name="bookHotel" time="5.801"/>
  <testcase classname="com.TestNGProjecct.TestCase1" name="logout" time="4.527"/>
</testsuite> <!-- Default test -->
